c:\users\student\source\repos\tictactoe\debug\vc142.pdb
c:\users\student\source\repos\tictactoe\debug\.netframework,version=v4.6.1.assemblyattributes.obj
c:\users\student\source\repos\tictactoe\debug\tictactoe.obj
c:\users\student\source\repos\tictactoe\debug\multiplayer.obj
c:\users\student\source\repos\tictactoe\debug\mysql.data.dll
c:\users\student\source\repos\tictactoe\debug\google.protobuf.dll
c:\users\student\source\repos\tictactoe\debug\zstandard.net.dll
c:\users\student\source\repos\tictactoe\debug\k4os.compression.lz4.streams.dll
c:\users\student\source\repos\tictactoe\debug\bouncycastle.crypto.dll
c:\users\student\source\repos\tictactoe\debug\ubiety.dns.core.dll
c:\users\student\source\repos\tictactoe\debug\system.memory.dll
c:\users\student\source\repos\tictactoe\debug\system.runtime.compilerservices.unsafe.dll
c:\users\student\source\repos\tictactoe\debug\system.buffers.dll
c:\users\student\source\repos\tictactoe\debug\k4os.compression.lz4.dll
c:\users\student\source\repos\tictactoe\debug\k4os.hash.xxhash.dll
c:\users\student\source\repos\tictactoe\debug\system.numerics.vectors.dll
c:\users\student\source\repos\tictactoe\debug\mysql.data.xml
c:\users\student\source\repos\tictactoe\debug\tictactoe.exe
c:\users\student\source\repos\tictactoe\debug\tictactoe.pdb
c:\users\student\source\repos\tictactoe\debug\tictactoe.tlog\metagen.write.1.tlog
c:\users\student\source\repos\tictactoe\debug\tictactoe.tictactoe.resources
c:\users\student\source\repos\tictactoe\debug\tictactoe.setgame.resources
c:\users\student\source\repos\tictactoe\debug\tictactoe.multiplayer.resources
c:\users\student\source\repos\tictactoe\debug\setgame.obj
c:\users\student\source\repos\tictactoe\debug\tictactoe.exe.metagen
c:\users\student\source\repos\tictactoe\debug\tictactoe.tlog\cl.command.1.tlog
c:\users\student\source\repos\tictactoe\debug\tictactoe.tlog\cl.read.1.tlog
c:\users\student\source\repos\tictactoe\debug\tictactoe.tlog\cl.write.1.tlog
c:\users\student\source\repos\tictactoe\debug\tictactoe.tlog\copylocal.read.1u.tlog
c:\users\student\source\repos\tictactoe\debug\tictactoe.tlog\copylocal.write.1u.tlog
c:\users\student\source\repos\tictactoe\debug\tictactoe.tlog\link.command.1.tlog
c:\users\student\source\repos\tictactoe\debug\tictactoe.tlog\link.read.1.tlog
c:\users\student\source\repos\tictactoe\debug\tictactoe.tlog\link.write.1.tlog
c:\users\student\source\repos\tictactoe\debug\tictactoe.tlog\metagen.read.1.tlog
c:\users\student\source\repos\tictactoe\debug\tictactoe.tlog\tictactoe.write.1u.tlog
c:\users\student\source\repos\tictactoe\debug\tictactoe.tlog\mysql.data.dll.metagen
